<?xml version="1.0" encoding="UTF-8"?>
<!-- Generated by org.testng.reporters.JUnitReportReporter -->
<testsuite hostname="ABHIRAMI" failures="0" tests="6" name="Testpackage.Testpage" time="55.792" errors="0" timestamp="2024-10-23T21:05:04 IST" skipped="0">
  <testcase classname="Testpackage.Testpage" name="Logintest" time="26.735"/>
  <system-out/>
  <testcase classname="Testpackage.Testpage" name="Registerdetails" time="4.157"/>
  <system-out/>
  <testcase classname="Testpackage.Testpage" name="Dropdown" time="0.929"/>
  <system-out/>
  <testcase classname="Testpackage.Testpage" name="passwordEnter" time="0.587"/>
  <system-out/>
  <testcase classname="Testpackage.Testpage" name="fileuploadMenu" time="0.093"/>
  <system-out/>
  <testcase classname="Testpackage.Testpage" name="switchTo" time="23.291"/>
  <system-out/>
</testsuite> <!-- Testpackage.Testpage -->
